

Started GET "/" for 127.0.0.1 at 2015-03-20 14:54:02 +0200
Processing by Rails::WelcomeController#index as HTML
  Rendered C:/RailsInstaller/Ruby2.1.0/lib/ruby/gems/2.1.0/gems/railties-4.1.8/lib/rails/templates/rails/welcome/index.html.erb (18.8ms)
Completed 200 OK in 127ms (Views: 126.7ms | ActiveRecord: 0.0ms)


Started GET "/" for 127.0.0.1 at 2015-03-20 16:23:18 +0200

SyntaxError (C:/Users/Sandra/Desktop/The-Challenger/The Challenger/flapper-news/app/controllers/application_controller.rb:9: syntax error, unexpected keyword_end, expecting end-of-input):
  app/controllers/application_controller.rb:9: syntax error, unexpected keyword_end, expecting end-of-input


  Rendered C:/RailsInstaller/Ruby2.1.0/lib/ruby/gems/2.1.0/gems/actionpack-4.1.8/lib/action_dispatch/middleware/templates/rescues/_source.erb (1.0ms)
  Rendered C:/RailsInstaller/Ruby2.1.0/lib/ruby/gems/2.1.0/gems/actionpack-4.1.8/lib/action_dispatch/middleware/templates/rescues/_trace.html.erb (2.0ms)
  Rendered C:/RailsInstaller/Ruby2.1.0/lib/ruby/gems/2.1.0/gems/actionpack-4.1.8/lib/action_dispatch/middleware/templates/rescues/_request_and_response.html.erb (37.3ms)
  Rendered C:/RailsInstaller/Ruby2.1.0/lib/ruby/gems/2.1.0/gems/actionpack-4.1.8/lib/action_dispatch/middleware/templates/rescues/diagnostics.erb within rescues/layout (112.1ms)


Started GET "/" for 127.0.0.1 at 2015-03-20 16:23:45 +0200
Processing by ApplicationController#angular as HTML
  Rendered layouts/application.html.erb within layouts/application (354.4ms)
Completed 200 OK in 397ms (Views: 397.4ms | ActiveRecord: 0.0ms)


Started GET "/assets/application.css?body=1" for 127.0.0.1 at 2015-03-20 16:23:46 +0200


Started GET "/assets/angular/angular.js?body=1" for 127.0.0.1 at 2015-03-20 16:23:46 +0200


Started GET "/assets/angular-ui-router/release/angular-ui-router.js?body=1" for 127.0.0.1 at 2015-03-20 16:23:46 +0200


Started GET "/assets/app.js?body=1" for 127.0.0.1 at 2015-03-20 16:23:46 +0200


Started GET "/assets/application.js?body=1" for 127.0.0.1 at 2015-03-20 16:23:46 +0200


Started GET "/" for 127.0.0.1 at 2015-03-20 16:23:57 +0200
Processing by ApplicationController#angular as HTML
  Rendered layouts/application.html.erb within layouts/application (42.0ms)
Completed 200 OK in 93ms (Views: 93.0ms | ActiveRecord: 0.0ms)


Started GET "/" for 127.0.0.1 at 2015-03-20 16:24:00 +0200
Processing by ApplicationController#angular as HTML
  Rendered layouts/application.html.erb within layouts/application (37.0ms)
Completed 200 OK in 79ms (Views: 79.0ms | ActiveRecord: 0.0ms)


Started GET "/assets/angular/angular.js?body=1" for 127.0.0.1 at 2015-03-20 16:24:00 +0200


Started GET "/assets/application.js?body=1" for 127.0.0.1 at 2015-03-20 16:24:00 +0200


Started GET "/assets/angular-ui-router/release/angular-ui-router.js?body=1" for 127.0.0.1 at 2015-03-20 16:24:00 +0200


Started GET "/assets/application.css?body=1" for 127.0.0.1 at 2015-03-20 16:24:00 +0200


Started GET "/assets/app.js?body=1" for 127.0.0.1 at 2015-03-20 16:24:00 +0200


Started GET "/" for 127.0.0.1 at 2015-03-20 16:24:00 +0200
Processing by ApplicationController#angular as HTML
  Rendered layouts/application.html.erb within layouts/application (40.1ms)
Completed 200 OK in 129ms (Views: 128.9ms | ActiveRecord: 0.0ms)


Started GET "/assets/app.js?body=1" for 127.0.0.1 at 2015-03-20 16:24:01 +0200


Started GET "/assets/application.js?body=1" for 127.0.0.1 at 2015-03-20 16:24:01 +0200


Started GET "/assets/angular/angular.js?body=1" for 127.0.0.1 at 2015-03-20 16:24:01 +0200


Started GET "/assets/angular-ui-router/release/angular-ui-router.js?body=1" for 127.0.0.1 at 2015-03-20 16:24:01 +0200


Started GET "/assets/application.css?body=1" for 127.0.0.1 at 2015-03-20 16:24:01 +0200


Started GET "/" for 127.0.0.1 at 2015-03-20 16:24:01 +0200
Processing by ApplicationController#angular as HTML
  Rendered layouts/application.html.erb within layouts/application (42.0ms)
Completed 200 OK in 89ms (Views: 88.5ms | ActiveRecord: 0.0ms)


Started GET "/assets/application.css?body=1" for 127.0.0.1 at 2015-03-20 16:24:01 +0200


Started GET "/assets/angular/angular.js?body=1" for 127.0.0.1 at 2015-03-20 16:24:01 +0200


Started GET "/assets/application.js?body=1" for 127.0.0.1 at 2015-03-20 16:24:01 +0200


Started GET "/assets/app.js?body=1" for 127.0.0.1 at 2015-03-20 16:24:01 +0200


Started GET "/assets/angular-ui-router/release/angular-ui-router.js?body=1" for 127.0.0.1 at 2015-03-20 16:24:01 +0200


Started GET "/" for 127.0.0.1 at 2015-03-20 16:24:01 +0200
Processing by ApplicationController#angular as HTML
  Rendered layouts/application.html.erb within layouts/application (41.0ms)
Completed 200 OK in 87ms (Views: 86.8ms | ActiveRecord: 0.0ms)


Started GET "/assets/application.js?body=1" for 127.0.0.1 at 2015-03-20 16:24:01 +0200


Started GET "/assets/app.js?body=1" for 127.0.0.1 at 2015-03-20 16:24:01 +0200


Started GET "/assets/angular-ui-router/release/angular-ui-router.js?body=1" for 127.0.0.1 at 2015-03-20 16:24:01 +0200


Started GET "/assets/angular/angular.js?body=1" for 127.0.0.1 at 2015-03-20 16:24:01 +0200


Started GET "/assets/application.css?body=1" for 127.0.0.1 at 2015-03-20 16:24:01 +0200


Started GET "/" for 127.0.0.1 at 2015-03-20 16:24:08 +0200
Processing by ApplicationController#angular as HTML
  Rendered layouts/application.html.erb within layouts/application (42.0ms)
Completed 200 OK in 91ms (Views: 91.0ms | ActiveRecord: 0.0ms)


Started GET "/assets/application.css?body=1" for 127.0.0.1 at 2015-03-20 16:24:08 +0200


Started GET "/assets/app.js?body=1" for 127.0.0.1 at 2015-03-20 16:24:08 +0200


Started GET "/assets/application.js?body=1" for 127.0.0.1 at 2015-03-20 16:24:08 +0200


Started GET "/assets/angular/angular.js?body=1" for 127.0.0.1 at 2015-03-20 16:24:08 +0200


Started GET "/assets/angular-ui-router/release/angular-ui-router.js?body=1" for 127.0.0.1 at 2015-03-20 16:24:08 +0200


Started GET "/" for 127.0.0.1 at 2015-03-20 16:24:29 +0200
Processing by ApplicationController#angular as HTML
  Rendered layouts/application.html.erb within layouts/application (52.0ms)
Completed 200 OK in 100ms (Views: 100.0ms | ActiveRecord: 0.0ms)


Started GET "/assets/application.css?body=1" for 127.0.0.1 at 2015-03-20 16:24:29 +0200


Started GET "/assets/app.js?body=1" for 127.0.0.1 at 2015-03-20 16:24:29 +0200


Started GET "/assets/angular-ui-router/release/angular-ui-router.js?body=1" for 127.0.0.1 at 2015-03-20 16:24:29 +0200


Started GET "/assets/application.js?body=1" for 127.0.0.1 at 2015-03-20 16:24:29 +0200


Started GET "/assets/angular/angular.js?body=1" for 127.0.0.1 at 2015-03-20 16:24:29 +0200


Started GET "/welcome/index" for 127.0.0.1 at 2015-03-20 16:25:19 +0200

ActionController::RoutingError (No route matches [GET] "/welcome/index"):
  actionpack (4.1.8) lib/action_dispatch/middleware/debug_exceptions.rb:21:in `call'
  actionpack (4.1.8) lib/action_dispatch/middleware/show_exceptions.rb:30:in `call'
  railties (4.1.8) lib/rails/rack/logger.rb:38:in `call_app'
  railties (4.1.8) lib/rails/rack/logger.rb:20:in `block in call'
  activesupport (4.1.8) lib/active_support/tagged_logging.rb:68:in `block in tagged'
  activesupport (4.1.8) lib/active_support/tagged_logging.rb:26:in `tagged'
  activesupport (4.1.8) lib/active_support/tagged_logging.rb:68:in `tagged'
  railties (4.1.8) lib/rails/rack/logger.rb:20:in `call'
  actionpack (4.1.8) lib/action_dispatch/middleware/request_id.rb:21:in `call'
  rack (1.5.2) lib/rack/methodoverride.rb:21:in `call'
  rack (1.5.2) lib/rack/runtime.rb:17:in `call'
  activesupport (4.1.8) lib/active_support/cache/strategy/local_cache_middleware.rb:26:in `call'
  rack (1.5.2) lib/rack/lock.rb:17:in `call'
  actionpack (4.1.8) lib/action_dispatch/middleware/static.rb:84:in `call'
  rack (1.5.2) lib/rack/sendfile.rb:112:in `call'
  railties (4.1.8) lib/rails/engine.rb:514:in `call'
  railties (4.1.8) lib/rails/application.rb:144:in `call'
  rack (1.5.2) lib/rack/lock.rb:17:in `call'
  rack (1.5.2) lib/rack/content_length.rb:14:in `call'
  rack (1.5.2) lib/rack/handler/webrick.rb:60:in `service'
  C:/RailsInstaller/Ruby2.1.0/lib/ruby/2.1.0/webrick/httpserver.rb:138:in `service'
  C:/RailsInstaller/Ruby2.1.0/lib/ruby/2.1.0/webrick/httpserver.rb:94:in `run'
  C:/RailsInstaller/Ruby2.1.0/lib/ruby/2.1.0/webrick/server.rb:295:in `block in start_thread'


  Rendered C:/RailsInstaller/Ruby2.1.0/lib/ruby/gems/2.1.0/gems/actionpack-4.1.8/lib/action_dispatch/middleware/templates/rescues/_trace.html.erb (2.0ms)
  Rendered C:/RailsInstaller/Ruby2.1.0/lib/ruby/gems/2.1.0/gems/actionpack-4.1.8/lib/action_dispatch/middleware/templates/routes/_route.html.erb (2.0ms)
  Rendered C:/RailsInstaller/Ruby2.1.0/lib/ruby/gems/2.1.0/gems/actionpack-4.1.8/lib/action_dispatch/middleware/templates/routes/_table.html.erb (41.5ms)
  Rendered C:/RailsInstaller/Ruby2.1.0/lib/ruby/gems/2.1.0/gems/actionpack-4.1.8/lib/action_dispatch/middleware/templates/rescues/routing_error.html.erb within rescues/layout (154.2ms)


Started GET "/" for 127.0.0.1 at 2015-03-20 16:28:16 +0200
Processing by ApplicationController#angular as HTML
  Rendered layouts/application.html.erb within layouts/application (38.2ms)
Completed 200 OK in 85ms (Views: 85.2ms | ActiveRecord: 0.0ms)


Started GET "/assets/application.js?body=1" for 127.0.0.1 at 2015-03-20 16:28:16 +0200


Started GET "/assets/angular-ui-router/release/angular-ui-router.js?body=1" for 127.0.0.1 at 2015-03-20 16:28:16 +0200


Started GET "/assets/angular/angular.js?body=1" for 127.0.0.1 at 2015-03-20 16:28:16 +0200


Started GET "/assets/app.js?body=1" for 127.0.0.1 at 2015-03-20 16:28:16 +0200


Started GET "/assets/application.css?body=1" for 127.0.0.1 at 2015-03-20 16:28:16 +0200


Started GET "/assets/angular-ui-router/release/angular-ui-router.js?body=1" for 127.0.0.1 at 2015-03-20 16:28:16 +0200


Started GET "/assets/app.js?body=1" for 127.0.0.1 at 2015-03-20 16:28:16 +0200


Started GET "/assets/application.js?body=1" for 127.0.0.1 at 2015-03-20 16:28:16 +0200


Started GET "/welcome/index" for 127.0.0.1 at 2015-03-20 16:28:22 +0200

ActionController::RoutingError (No route matches [GET] "/welcome/index"):
  actionpack (4.1.8) lib/action_dispatch/middleware/debug_exceptions.rb:21:in `call'
  actionpack (4.1.8) lib/action_dispatch/middleware/show_exceptions.rb:30:in `call'
  railties (4.1.8) lib/rails/rack/logger.rb:38:in `call_app'
  railties (4.1.8) lib/rails/rack/logger.rb:20:in `block in call'
  activesupport (4.1.8) lib/active_support/tagged_logging.rb:68:in `block in tagged'
  activesupport (4.1.8) lib/active_support/tagged_logging.rb:26:in `tagged'
  activesupport (4.1.8) lib/active_support/tagged_logging.rb:68:in `tagged'
  railties (4.1.8) lib/rails/rack/logger.rb:20:in `call'
  actionpack (4.1.8) lib/action_dispatch/middleware/request_id.rb:21:in `call'
  rack (1.5.2) lib/rack/methodoverride.rb:21:in `call'
  rack (1.5.2) lib/rack/runtime.rb:17:in `call'
  activesupport (4.1.8) lib/active_support/cache/strategy/local_cache_middleware.rb:26:in `call'
  rack (1.5.2) lib/rack/lock.rb:17:in `call'
  actionpack (4.1.8) lib/action_dispatch/middleware/static.rb:84:in `call'
  rack (1.5.2) lib/rack/sendfile.rb:112:in `call'
  railties (4.1.8) lib/rails/engine.rb:514:in `call'
  railties (4.1.8) lib/rails/application.rb:144:in `call'
  rack (1.5.2) lib/rack/lock.rb:17:in `call'
  rack (1.5.2) lib/rack/content_length.rb:14:in `call'
  rack (1.5.2) lib/rack/handler/webrick.rb:60:in `service'
  C:/RailsInstaller/Ruby2.1.0/lib/ruby/2.1.0/webrick/httpserver.rb:138:in `service'
  C:/RailsInstaller/Ruby2.1.0/lib/ruby/2.1.0/webrick/httpserver.rb:94:in `run'
  C:/RailsInstaller/Ruby2.1.0/lib/ruby/2.1.0/webrick/server.rb:295:in `block in start_thread'


  Rendered C:/RailsInstaller/Ruby2.1.0/lib/ruby/gems/2.1.0/gems/actionpack-4.1.8/lib/action_dispatch/middleware/templates/rescues/_trace.html.erb (2.0ms)
  Rendered C:/RailsInstaller/Ruby2.1.0/lib/ruby/gems/2.1.0/gems/actionpack-4.1.8/lib/action_dispatch/middleware/templates/routes/_route.html.erb (2.0ms)
  Rendered C:/RailsInstaller/Ruby2.1.0/lib/ruby/gems/2.1.0/gems/actionpack-4.1.8/lib/action_dispatch/middleware/templates/routes/_table.html.erb (2.0ms)
  Rendered C:/RailsInstaller/Ruby2.1.0/lib/ruby/gems/2.1.0/gems/actionpack-4.1.8/lib/action_dispatch/middleware/templates/rescues/routing_error.html.erb within rescues/layout (65.3ms)


Started GET "/home" for 127.0.0.1 at 2015-03-20 16:29:20 +0200

ActionController::RoutingError (No route matches [GET] "/home"):
  actionpack (4.1.8) lib/action_dispatch/middleware/debug_exceptions.rb:21:in `call'
  actionpack (4.1.8) lib/action_dispatch/middleware/show_exceptions.rb:30:in `call'
  railties (4.1.8) lib/rails/rack/logger.rb:38:in `call_app'
  railties (4.1.8) lib/rails/rack/logger.rb:20:in `block in call'
  activesupport (4.1.8) lib/active_support/tagged_logging.rb:68:in `block in tagged'
  activesupport (4.1.8) lib/active_support/tagged_logging.rb:26:in `tagged'
  activesupport (4.1.8) lib/active_support/tagged_logging.rb:68:in `tagged'
  railties (4.1.8) lib/rails/rack/logger.rb:20:in `call'
  actionpack (4.1.8) lib/action_dispatch/middleware/request_id.rb:21:in `call'
  rack (1.5.2) lib/rack/methodoverride.rb:21:in `call'
  rack (1.5.2) lib/rack/runtime.rb:17:in `call'
  activesupport (4.1.8) lib/active_support/cache/strategy/local_cache_middleware.rb:26:in `call'
  rack (1.5.2) lib/rack/lock.rb:17:in `call'
  actionpack (4.1.8) lib/action_dispatch/middleware/static.rb:84:in `call'
  rack (1.5.2) lib/rack/sendfile.rb:112:in `call'
  railties (4.1.8) lib/rails/engine.rb:514:in `call'
  railties (4.1.8) lib/rails/application.rb:144:in `call'
  rack (1.5.2) lib/rack/lock.rb:17:in `call'
  rack (1.5.2) lib/rack/content_length.rb:14:in `call'
  rack (1.5.2) lib/rack/handler/webrick.rb:60:in `service'
  C:/RailsInstaller/Ruby2.1.0/lib/ruby/2.1.0/webrick/httpserver.rb:138:in `service'
  C:/RailsInstaller/Ruby2.1.0/lib/ruby/2.1.0/webrick/httpserver.rb:94:in `run'
  C:/RailsInstaller/Ruby2.1.0/lib/ruby/2.1.0/webrick/server.rb:295:in `block in start_thread'


  Rendered C:/RailsInstaller/Ruby2.1.0/lib/ruby/gems/2.1.0/gems/actionpack-4.1.8/lib/action_dispatch/middleware/templates/rescues/_trace.html.erb (3.0ms)
  Rendered C:/RailsInstaller/Ruby2.1.0/lib/ruby/gems/2.1.0/gems/actionpack-4.1.8/lib/action_dispatch/middleware/templates/routes/_route.html.erb (2.0ms)
  Rendered C:/RailsInstaller/Ruby2.1.0/lib/ruby/gems/2.1.0/gems/actionpack-4.1.8/lib/action_dispatch/middleware/templates/routes/_table.html.erb (2.0ms)
  Rendered C:/RailsInstaller/Ruby2.1.0/lib/ruby/gems/2.1.0/gems/actionpack-4.1.8/lib/action_dispatch/middleware/templates/rescues/routing_error.html.erb within rescues/layout (65.0ms)


Started GET "/home.html" for 127.0.0.1 at 2015-03-20 16:29:24 +0200

ActionController::RoutingError (No route matches [GET] "/home.html"):
  actionpack (4.1.8) lib/action_dispatch/middleware/debug_exceptions.rb:21:in `call'
  actionpack (4.1.8) lib/action_dispatch/middleware/show_exceptions.rb:30:in `call'
  railties (4.1.8) lib/rails/rack/logger.rb:38:in `call_app'
  railties (4.1.8) lib/rails/rack/logger.rb:20:in `block in call'
  activesupport (4.1.8) lib/active_support/tagged_logging.rb:68:in `block in tagged'
  activesupport (4.1.8) lib/active_support/tagged_logging.rb:26:in `tagged'
  activesupport (4.1.8) lib/active_support/tagged_logging.rb:68:in `tagged'
  railties (4.1.8) lib/rails/rack/logger.rb:20:in `call'
  actionpack (4.1.8) lib/action_dispatch/middleware/request_id.rb:21:in `call'
  rack (1.5.2) lib/rack/methodoverride.rb:21:in `call'
  rack (1.5.2) lib/rack/runtime.rb:17:in `call'
  activesupport (4.1.8) lib/active_support/cache/strategy/local_cache_middleware.rb:26:in `call'
  rack (1.5.2) lib/rack/lock.rb:17:in `call'
  actionpack (4.1.8) lib/action_dispatch/middleware/static.rb:84:in `call'
  rack (1.5.2) lib/rack/sendfile.rb:112:in `call'
  railties (4.1.8) lib/rails/engine.rb:514:in `call'
  railties (4.1.8) lib/rails/application.rb:144:in `call'
  rack (1.5.2) lib/rack/lock.rb:17:in `call'
  rack (1.5.2) lib/rack/content_length.rb:14:in `call'
  rack (1.5.2) lib/rack/handler/webrick.rb:60:in `service'
  C:/RailsInstaller/Ruby2.1.0/lib/ruby/2.1.0/webrick/httpserver.rb:138:in `service'
  C:/RailsInstaller/Ruby2.1.0/lib/ruby/2.1.0/webrick/httpserver.rb:94:in `run'
  C:/RailsInstaller/Ruby2.1.0/lib/ruby/2.1.0/webrick/server.rb:295:in `block in start_thread'


  Rendered C:/RailsInstaller/Ruby2.1.0/lib/ruby/gems/2.1.0/gems/actionpack-4.1.8/lib/action_dispatch/middleware/templates/rescues/_trace.html.erb (2.0ms)
  Rendered C:/RailsInstaller/Ruby2.1.0/lib/ruby/gems/2.1.0/gems/actionpack-4.1.8/lib/action_dispatch/middleware/templates/routes/_route.html.erb (1.0ms)
  Rendered C:/RailsInstaller/Ruby2.1.0/lib/ruby/gems/2.1.0/gems/actionpack-4.1.8/lib/action_dispatch/middleware/templates/routes/_table.html.erb (2.0ms)
  Rendered C:/RailsInstaller/Ruby2.1.0/lib/ruby/gems/2.1.0/gems/actionpack-4.1.8/lib/action_dispatch/middleware/templates/rescues/routing_error.html.erb within rescues/layout (65.0ms)


Started GET "/home.html" for 127.0.0.1 at 2015-03-20 16:30:29 +0200

ActionController::RoutingError (No route matches [GET] "/home.html"):
  actionpack (4.1.8) lib/action_dispatch/middleware/debug_exceptions.rb:21:in `call'
  actionpack (4.1.8) lib/action_dispatch/middleware/show_exceptions.rb:30:in `call'
  railties (4.1.8) lib/rails/rack/logger.rb:38:in `call_app'
  railties (4.1.8) lib/rails/rack/logger.rb:20:in `block in call'
  activesupport (4.1.8) lib/active_support/tagged_logging.rb:68:in `block in tagged'
  activesupport (4.1.8) lib/active_support/tagged_logging.rb:26:in `tagged'
  activesupport (4.1.8) lib/active_support/tagged_logging.rb:68:in `tagged'
  railties (4.1.8) lib/rails/rack/logger.rb:20:in `call'
  actionpack (4.1.8) lib/action_dispatch/middleware/request_id.rb:21:in `call'
  rack (1.5.2) lib/rack/methodoverride.rb:21:in `call'
  rack (1.5.2) lib/rack/runtime.rb:17:in `call'
  activesupport (4.1.8) lib/active_support/cache/strategy/local_cache_middleware.rb:26:in `call'
  rack (1.5.2) lib/rack/lock.rb:17:in `call'
  actionpack (4.1.8) lib/action_dispatch/middleware/static.rb:84:in `call'
  rack (1.5.2) lib/rack/sendfile.rb:112:in `call'
  railties (4.1.8) lib/rails/engine.rb:514:in `call'
  railties (4.1.8) lib/rails/application.rb:144:in `call'
  rack (1.5.2) lib/rack/lock.rb:17:in `call'
  rack (1.5.2) lib/rack/content_length.rb:14:in `call'
  rack (1.5.2) lib/rack/handler/webrick.rb:60:in `service'
  C:/RailsInstaller/Ruby2.1.0/lib/ruby/2.1.0/webrick/httpserver.rb:138:in `service'
  C:/RailsInstaller/Ruby2.1.0/lib/ruby/2.1.0/webrick/httpserver.rb:94:in `run'
  C:/RailsInstaller/Ruby2.1.0/lib/ruby/2.1.0/webrick/server.rb:295:in `block in start_thread'


  Rendered C:/RailsInstaller/Ruby2.1.0/lib/ruby/gems/2.1.0/gems/actionpack-4.1.8/lib/action_dispatch/middleware/templates/rescues/_trace.html.erb (2.0ms)
  Rendered C:/RailsInstaller/Ruby2.1.0/lib/ruby/gems/2.1.0/gems/actionpack-4.1.8/lib/action_dispatch/middleware/templates/routes/_route.html.erb (3.0ms)
  Rendered C:/RailsInstaller/Ruby2.1.0/lib/ruby/gems/2.1.0/gems/actionpack-4.1.8/lib/action_dispatch/middleware/templates/routes/_table.html.erb (2.0ms)
  Rendered C:/RailsInstaller/Ruby2.1.0/lib/ruby/gems/2.1.0/gems/actionpack-4.1.8/lib/action_dispatch/middleware/templates/rescues/routing_error.html.erb within rescues/layout (68.0ms)


Started GET "/home" for 127.0.0.1 at 2015-03-20 16:30:33 +0200

ActionController::RoutingError (No route matches [GET] "/home"):
  actionpack (4.1.8) lib/action_dispatch/middleware/debug_exceptions.rb:21:in `call'
  actionpack (4.1.8) lib/action_dispatch/middleware/show_exceptions.rb:30:in `call'
  railties (4.1.8) lib/rails/rack/logger.rb:38:in `call_app'
  railties (4.1.8) lib/rails/rack/logger.rb:20:in `block in call'
  activesupport (4.1.8) lib/active_support/tagged_logging.rb:68:in `block in tagged'
  activesupport (4.1.8) lib/active_support/tagged_logging.rb:26:in `tagged'
  activesupport (4.1.8) lib/active_support/tagged_logging.rb:68:in `tagged'
  railties (4.1.8) lib/rails/rack/logger.rb:20:in `call'
  actionpack (4.1.8) lib/action_dispatch/middleware/request_id.rb:21:in `call'
  rack (1.5.2) lib/rack/methodoverride.rb:21:in `call'
  rack (1.5.2) lib/rack/runtime.rb:17:in `call'
  activesupport (4.1.8) lib/active_support/cache/strategy/local_cache_middleware.rb:26:in `call'
  rack (1.5.2) lib/rack/lock.rb:17:in `call'
  actionpack (4.1.8) lib/action_dispatch/middleware/static.rb:84:in `call'
  rack (1.5.2) lib/rack/sendfile.rb:112:in `call'
  railties (4.1.8) lib/rails/engine.rb:514:in `call'
  railties (4.1.8) lib/rails/application.rb:144:in `call'
  rack (1.5.2) lib/rack/lock.rb:17:in `call'
  rack (1.5.2) lib/rack/content_length.rb:14:in `call'
  rack (1.5.2) lib/rack/handler/webrick.rb:60:in `service'
  C:/RailsInstaller/Ruby2.1.0/lib/ruby/2.1.0/webrick/httpserver.rb:138:in `service'
  C:/RailsInstaller/Ruby2.1.0/lib/ruby/2.1.0/webrick/httpserver.rb:94:in `run'
  C:/RailsInstaller/Ruby2.1.0/lib/ruby/2.1.0/webrick/server.rb:295:in `block in start_thread'


  Rendered C:/RailsInstaller/Ruby2.1.0/lib/ruby/gems/2.1.0/gems/actionpack-4.1.8/lib/action_dispatch/middleware/templates/rescues/_trace.html.erb (3.0ms)
  Rendered C:/RailsInstaller/Ruby2.1.0/lib/ruby/gems/2.1.0/gems/actionpack-4.1.8/lib/action_dispatch/middleware/templates/routes/_route.html.erb (2.0ms)
  Rendered C:/RailsInstaller/Ruby2.1.0/lib/ruby/gems/2.1.0/gems/actionpack-4.1.8/lib/action_dispatch/middleware/templates/routes/_table.html.erb (2.0ms)
  Rendered C:/RailsInstaller/Ruby2.1.0/lib/ruby/gems/2.1.0/gems/actionpack-4.1.8/lib/action_dispatch/middleware/templates/rescues/routing_error.html.erb within rescues/layout (64.0ms)


Started GET "/" for 127.0.0.1 at 2015-03-20 16:30:36 +0200
Processing by ApplicationController#angular as HTML
  Rendered layouts/application.html.erb within layouts/application (47.7ms)
Completed 200 OK in 101ms (Views: 100.7ms | ActiveRecord: 0.0ms)


Started GET "/assets/app.js?body=1" for 127.0.0.1 at 2015-03-20 16:30:36 +0200


Started GET "/assets/angular-ui-router/release/angular-ui-router.js?body=1" for 127.0.0.1 at 2015-03-20 16:30:36 +0200


Started GET "/assets/angular/angular.js?body=1" for 127.0.0.1 at 2015-03-20 16:30:36 +0200


Started GET "/assets/application.css?body=1" for 127.0.0.1 at 2015-03-20 16:30:36 +0200


Started GET "/assets/application.js?body=1" for 127.0.0.1 at 2015-03-20 16:30:36 +0200


Started GET "/" for 127.0.0.1 at 2015-03-20 17:05:59 +0200
Processing by ApplicationController#angular as HTML
  Rendered layouts/application.html.erb within layouts/application (296.8ms)
Completed 200 OK in 347ms (Views: 345.8ms | ActiveRecord: 0.0ms)


Started GET "/assets/angular/angular.js?body=1" for 127.0.0.1 at 2015-03-20 17:06:00 +0200


Started GET "/assets/application.js?body=1" for 127.0.0.1 at 2015-03-20 17:06:00 +0200


Started GET "/assets/application.css?body=1" for 127.0.0.1 at 2015-03-20 17:06:00 +0200


Started GET "/" for 127.0.0.1 at 2015-03-20 17:06:04 +0200
Processing by ApplicationController#angular as HTML
  Rendered layouts/application.html.erb within layouts/application (26.0ms)
Completed 200 OK in 57ms (Views: 56.0ms | ActiveRecord: 0.0ms)


Started GET "/assets/angular/angular.js?body=1" for 127.0.0.1 at 2015-03-20 17:06:04 +0200


Started GET "/assets/application.js?body=1" for 127.0.0.1 at 2015-03-20 17:06:04 +0200


Started GET "/assets/application.css?body=1" for 127.0.0.1 at 2015-03-20 17:06:04 +0200


Started GET "/home.html" for 127.0.0.1 at 2015-03-20 17:06:13 +0200

ActionController::RoutingError (No route matches [GET] "/home.html"):
  actionpack (4.1.8) lib/action_dispatch/middleware/debug_exceptions.rb:21:in `call'
  actionpack (4.1.8) lib/action_dispatch/middleware/show_exceptions.rb:30:in `call'
  railties (4.1.8) lib/rails/rack/logger.rb:38:in `call_app'
  railties (4.1.8) lib/rails/rack/logger.rb:20:in `block in call'
  activesupport (4.1.8) lib/active_support/tagged_logging.rb:68:in `block in tagged'
  activesupport (4.1.8) lib/active_support/tagged_logging.rb:26:in `tagged'
  activesupport (4.1.8) lib/active_support/tagged_logging.rb:68:in `tagged'
  railties (4.1.8) lib/rails/rack/logger.rb:20:in `call'
  actionpack (4.1.8) lib/action_dispatch/middleware/request_id.rb:21:in `call'
  rack (1.5.2) lib/rack/methodoverride.rb:21:in `call'
  rack (1.5.2) lib/rack/runtime.rb:17:in `call'
  activesupport (4.1.8) lib/active_support/cache/strategy/local_cache_middleware.rb:26:in `call'
  rack (1.5.2) lib/rack/lock.rb:17:in `call'
  actionpack (4.1.8) lib/action_dispatch/middleware/static.rb:84:in `call'
  rack (1.5.2) lib/rack/sendfile.rb:112:in `call'
  railties (4.1.8) lib/rails/engine.rb:514:in `call'
  railties (4.1.8) lib/rails/application.rb:144:in `call'
  rack (1.5.2) lib/rack/lock.rb:17:in `call'
  rack (1.5.2) lib/rack/content_length.rb:14:in `call'
  rack (1.5.2) lib/rack/handler/webrick.rb:60:in `service'
  C:/RailsInstaller/Ruby2.1.0/lib/ruby/2.1.0/webrick/httpserver.rb:138:in `service'
  C:/RailsInstaller/Ruby2.1.0/lib/ruby/2.1.0/webrick/httpserver.rb:94:in `run'
  C:/RailsInstaller/Ruby2.1.0/lib/ruby/2.1.0/webrick/server.rb:295:in `block in start_thread'


  Rendered C:/RailsInstaller/Ruby2.1.0/lib/ruby/gems/2.1.0/gems/actionpack-4.1.8/lib/action_dispatch/middleware/templates/rescues/_trace.html.erb (2.0ms)
  Rendered C:/RailsInstaller/Ruby2.1.0/lib/ruby/gems/2.1.0/gems/actionpack-4.1.8/lib/action_dispatch/middleware/templates/routes/_route.html.erb (2.0ms)
  Rendered C:/RailsInstaller/Ruby2.1.0/lib/ruby/gems/2.1.0/gems/actionpack-4.1.8/lib/action_dispatch/middleware/templates/routes/_table.html.erb (21.0ms)
  Rendered C:/RailsInstaller/Ruby2.1.0/lib/ruby/gems/2.1.0/gems/actionpack-4.1.8/lib/action_dispatch/middleware/templates/rescues/routing_error.html.erb within rescues/layout (89.0ms)


Started GET "/" for 127.0.0.1 at 2015-03-20 17:10:02 +0200

SyntaxError (C:/Users/Sandra/Desktop/The-Challenger/The Challenger/flapper-news/config/routes.rb:69: syntax error, unexpected keyword_end, expecting end-of-input):
  config/routes.rb:69: syntax error, unexpected keyword_end, expecting end-of-input


  Rendered C:/RailsInstaller/Ruby2.1.0/lib/ruby/gems/2.1.0/gems/actionpack-4.1.8/lib/action_dispatch/middleware/templates/rescues/_source.erb (1.0ms)
  Rendered C:/RailsInstaller/Ruby2.1.0/lib/ruby/gems/2.1.0/gems/actionpack-4.1.8/lib/action_dispatch/middleware/templates/rescues/_trace.html.erb (2.0ms)
  Rendered C:/RailsInstaller/Ruby2.1.0/lib/ruby/gems/2.1.0/gems/actionpack-4.1.8/lib/action_dispatch/middleware/templates/rescues/_request_and_response.html.erb (1.0ms)
  Rendered C:/RailsInstaller/Ruby2.1.0/lib/ruby/gems/2.1.0/gems/actionpack-4.1.8/lib/action_dispatch/middleware/templates/rescues/diagnostics.erb within rescues/layout (65.0ms)


Started GET "/" for 127.0.0.1 at 2015-03-20 17:10:21 +0200

NoMethodError (undefined method `root' for main:Object):
  config/routes.rb:1:in `<top (required)>'


  Rendered C:/RailsInstaller/Ruby2.1.0/lib/ruby/gems/2.1.0/gems/actionpack-4.1.8/lib/action_dispatch/middleware/templates/rescues/_source.erb (1.0ms)
  Rendered C:/RailsInstaller/Ruby2.1.0/lib/ruby/gems/2.1.0/gems/actionpack-4.1.8/lib/action_dispatch/middleware/templates/rescues/_trace.html.erb (2.0ms)
  Rendered C:/RailsInstaller/Ruby2.1.0/lib/ruby/gems/2.1.0/gems/actionpack-4.1.8/lib/action_dispatch/middleware/templates/rescues/_request_and_response.html.erb (2.0ms)
  Rendered C:/RailsInstaller/Ruby2.1.0/lib/ruby/gems/2.1.0/gems/actionpack-4.1.8/lib/action_dispatch/middleware/templates/rescues/diagnostics.erb within rescues/layout (64.6ms)
  [1m[36m (140.6ms)[0m  [1mCREATE TABLE "schema_migrations" ("version" varchar(255) NOT NULL) [0m
  [1m[35m (0.0ms)[0m  select sqlite_version(*)
  [1m[36m (140.6ms)[0m  [1mCREATE UNIQUE INDEX "unique_schema_migrations" ON "schema_migrations" ("version")[0m
  [1m[35mActiveRecord::SchemaMigration Load (0.0ms)[0m  SELECT "schema_migrations".* FROM "schema_migrations"
Migrating to CreatePosts (20150320164357)
  [1m[36m (0.0ms)[0m  [1mbegin transaction[0m
  [1m[35m (15.6ms)[0m  CREATE TABLE "posts" ("id" INTEGER PRIMARY KEY AUTOINCREMENT NOT NULL, "title" varchar(255), "link" varchar(255), "upvotes" integer, "created_at" datetime, "updated_at" datetime) 
  [1m[36mSQL (0.0ms)[0m  [1mINSERT INTO "schema_migrations" ("version") VALUES (?)[0m  [["version", "20150320164357"]]
  [1m[35m (143.3ms)[0m  commit transaction
Migrating to CreateComments (20150320164451)
  [1m[36m (0.0ms)[0m  [1mbegin transaction[0m
  [1m[35m (0.0ms)[0m  CREATE TABLE "comments" ("id" INTEGER PRIMARY KEY AUTOINCREMENT NOT NULL, "body" varchar(255), "upvotes" integer, "post_id" integer, "created_at" datetime, "updated_at" datetime) 
  [1m[36m (0.0ms)[0m  [1mCREATE  INDEX "index_comments_on_post_id" ON "comments" ("post_id")[0m
  [1m[35mSQL (0.0ms)[0m  INSERT INTO "schema_migrations" ("version") VALUES (?)  [["version", "20150320164451"]]
  [1m[36m (109.4ms)[0m  [1mcommit transaction[0m
  [1m[35mActiveRecord::SchemaMigration Load (0.0ms)[0m  SELECT "schema_migrations".* FROM "schema_migrations"
  [1m[36m (0.0ms)[0m  [1m            SELECT sql
            FROM sqlite_master
            WHERE name='index_comments_on_post_id' AND type='index'
            UNION ALL
            SELECT sql
            FROM sqlite_temp_master
            WHERE name='index_comments_on_post_id' AND type='index'
[0m


Started GET "/posts.json" for 127.0.0.1 at 2015-03-20 18:55:34 +0200
  [1m[36mActiveRecord::SchemaMigration Load (1.0ms)[0m  [1mSELECT "schema_migrations".* FROM "schema_migrations"[0m
Processing by PostsController#index as JSON
  [1m[35mPost Load (0.0ms)[0m  SELECT "posts".* FROM "posts"
Completed 200 OK in 153ms (Views: 3.0ms | ActiveRecord: 0.0ms)


Started GET "/" for 127.0.0.1 at 2015-03-20 18:58:41 +0200
Processing by ApplicationController#angular as HTML
  Rendered layouts/application.html.erb within layouts/application (292.0ms)
Completed 200 OK in 333ms (Views: 333.0ms | ActiveRecord: 0.0ms)


Started GET "/assets/angular/angular.js?body=1" for 127.0.0.1 at 2015-03-20 18:58:41 +0200


Started GET "/assets/application.css?body=1" for 127.0.0.1 at 2015-03-20 18:58:41 +0200


Started GET "/assets/application.js?body=1" for 127.0.0.1 at 2015-03-20 18:58:41 +0200


Started GET "/" for 127.0.0.1 at 2015-03-20 18:58:55 +0200
Processing by ApplicationController#angular as HTML
  Rendered layouts/application.html.erb within layouts/application (25.0ms)
Completed 200 OK in 57ms (Views: 57.0ms | ActiveRecord: 0.0ms)


Started GET "/assets/angular/angular.js?body=1" for 127.0.0.1 at 2015-03-20 18:58:56 +0200


Started GET "/assets/application.js?body=1" for 127.0.0.1 at 2015-03-20 18:58:56 +0200


Started GET "/assets/application.css?body=1" for 127.0.0.1 at 2015-03-20 18:58:56 +0200


Started GET "/assets/application.js?body=1" for 127.0.0.1 at 2015-03-20 18:58:58 +0200


Started GET "/home" for 127.0.0.1 at 2015-03-20 18:59:08 +0200

ActionController::RoutingError (No route matches [GET] "/home"):
  actionpack (4.1.8) lib/action_dispatch/middleware/debug_exceptions.rb:21:in `call'
  actionpack (4.1.8) lib/action_dispatch/middleware/show_exceptions.rb:30:in `call'
  railties (4.1.8) lib/rails/rack/logger.rb:38:in `call_app'
  railties (4.1.8) lib/rails/rack/logger.rb:20:in `block in call'
  activesupport (4.1.8) lib/active_support/tagged_logging.rb:68:in `block in tagged'
  activesupport (4.1.8) lib/active_support/tagged_logging.rb:26:in `tagged'
  activesupport (4.1.8) lib/active_support/tagged_logging.rb:68:in `tagged'
  railties (4.1.8) lib/rails/rack/logger.rb:20:in `call'
  actionpack (4.1.8) lib/action_dispatch/middleware/request_id.rb:21:in `call'
  rack (1.5.2) lib/rack/methodoverride.rb:21:in `call'
  rack (1.5.2) lib/rack/runtime.rb:17:in `call'
  activesupport (4.1.8) lib/active_support/cache/strategy/local_cache_middleware.rb:26:in `call'
  rack (1.5.2) lib/rack/lock.rb:17:in `call'
  actionpack (4.1.8) lib/action_dispatch/middleware/static.rb:84:in `call'
  rack (1.5.2) lib/rack/sendfile.rb:112:in `call'
  railties (4.1.8) lib/rails/engine.rb:514:in `call'
  railties (4.1.8) lib/rails/application.rb:144:in `call'
  rack (1.5.2) lib/rack/lock.rb:17:in `call'
  rack (1.5.2) lib/rack/content_length.rb:14:in `call'
  rack (1.5.2) lib/rack/handler/webrick.rb:60:in `service'
  C:/RailsInstaller/Ruby2.1.0/lib/ruby/2.1.0/webrick/httpserver.rb:138:in `service'
  C:/RailsInstaller/Ruby2.1.0/lib/ruby/2.1.0/webrick/httpserver.rb:94:in `run'
  C:/RailsInstaller/Ruby2.1.0/lib/ruby/2.1.0/webrick/server.rb:295:in `block in start_thread'


  Rendered C:/RailsInstaller/Ruby2.1.0/lib/ruby/gems/2.1.0/gems/actionpack-4.1.8/lib/action_dispatch/middleware/templates/rescues/_trace.html.erb (2.0ms)
  Rendered C:/RailsInstaller/Ruby2.1.0/lib/ruby/gems/2.1.0/gems/actionpack-4.1.8/lib/action_dispatch/middleware/templates/routes/_route.html.erb (2.0ms)
  Rendered C:/RailsInstaller/Ruby2.1.0/lib/ruby/gems/2.1.0/gems/actionpack-4.1.8/lib/action_dispatch/middleware/templates/routes/_table.html.erb (74.1ms)
  Rendered C:/RailsInstaller/Ruby2.1.0/lib/ruby/gems/2.1.0/gems/actionpack-4.1.8/lib/action_dispatch/middleware/templates/rescues/routing_error.html.erb within rescues/layout (211.1ms)


Started GET "/" for 127.0.0.1 at 2015-03-20 19:00:40 +0200
Processing by ApplicationController#angular as HTML
  Rendered layouts/application.html.erb within layouts/application (31.0ms)
Completed 200 OK in 67ms (Views: 67.0ms | ActiveRecord: 0.0ms)


Started GET "/assets/angular/angular.js?body=1" for 127.0.0.1 at 2015-03-20 19:00:40 +0200


Started GET "/assets/application.css?body=1" for 127.0.0.1 at 2015-03-20 19:00:40 +0200


Started GET "/assets/application.js?body=1" for 127.0.0.1 at 2015-03-20 19:00:41 +0200


Started GET "/" for 127.0.0.1 at 2015-03-20 19:00:55 +0200
Processing by ApplicationController#angular as HTML
  Rendered layouts/application.html.erb within layouts/application (27.1ms)
Completed 200 OK in 58ms (Views: 58.1ms | ActiveRecord: 0.0ms)


Started GET "/assets/application.css?body=1" for 127.0.0.1 at 2015-03-20 19:00:56 +0200


Started GET "/assets/application.js?body=1" for 127.0.0.1 at 2015-03-20 19:00:56 +0200


Started GET "/assets/angular/angular.js?body=1" for 127.0.0.1 at 2015-03-20 19:00:56 +0200


Started GET "/" for 127.0.0.1 at 2015-03-20 19:01:51 +0200
Processing by ApplicationController#angular as HTML
  Rendered layouts/application.html.erb within layouts/application (38.0ms)
Completed 200 OK in 75ms (Views: 75.0ms | ActiveRecord: 0.0ms)


Started GET "/assets/angular/angular.js?body=1" for 127.0.0.1 at 2015-03-20 19:01:51 +0200


Started GET "/assets/application.css?body=1" for 127.0.0.1 at 2015-03-20 19:01:51 +0200


Started GET "/assets/application.js?body=1" for 127.0.0.1 at 2015-03-20 19:01:51 +0200


Started GET "/" for 127.0.0.1 at 2015-03-20 19:01:53 +0200
Processing by ApplicationController#angular as HTML
  Rendered layouts/application.html.erb within layouts/application (69.0ms)
Completed 200 OK in 102ms (Views: 102.0ms | ActiveRecord: 0.0ms)


Started GET "/assets/angular/angular.js?body=1" for 127.0.0.1 at 2015-03-20 19:01:53 +0200


Started GET "/assets/application.css?body=1" for 127.0.0.1 at 2015-03-20 19:01:53 +0200


Started GET "/assets/application.js?body=1" for 127.0.0.1 at 2015-03-20 19:01:53 +0200


Started GET "/" for 127.0.0.1 at 2015-03-20 19:01:54 +0200
Processing by ApplicationController#angular as HTML
  Rendered layouts/application.html.erb within layouts/application (28.3ms)
Completed 200 OK in 60ms (Views: 60.3ms | ActiveRecord: 0.0ms)


Started GET "/assets/application.css?body=1" for 127.0.0.1 at 2015-03-20 19:01:54 +0200


Started GET "/assets/application.js?body=1" for 127.0.0.1 at 2015-03-20 19:01:54 +0200


Started GET "/assets/angular/angular.js?body=1" for 127.0.0.1 at 2015-03-20 19:01:54 +0200


Started GET "/" for 127.0.0.1 at 2015-03-20 19:01:54 +0200
Processing by ApplicationController#angular as HTML
  Rendered layouts/application.html.erb within layouts/application (32.0ms)
Completed 200 OK in 66ms (Views: 66.0ms | ActiveRecord: 0.0ms)


Started GET "/assets/application.css?body=1" for 127.0.0.1 at 2015-03-20 19:01:54 +0200


Started GET "/assets/angular/angular.js?body=1" for 127.0.0.1 at 2015-03-20 19:01:55 +0200


Started GET "/assets/application.js?body=1" for 127.0.0.1 at 2015-03-20 19:01:55 +0200


Started GET "/" for 127.0.0.1 at 2015-03-20 19:01:55 +0200
Processing by ApplicationController#angular as HTML
  Rendered layouts/application.html.erb within layouts/application (29.0ms)
Completed 200 OK in 62ms (Views: 62.0ms | ActiveRecord: 0.0ms)


Started GET "/assets/application.js?body=1" for 127.0.0.1 at 2015-03-20 19:01:55 +0200


Started GET "/assets/angular/angular.js?body=1" for 127.0.0.1 at 2015-03-20 19:01:55 +0200


Started GET "/assets/application.css?body=1" for 127.0.0.1 at 2015-03-20 19:01:55 +0200


Started GET "/" for 127.0.0.1 at 2015-03-20 19:02:02 +0200
Processing by ApplicationController#angular as HTML
  Rendered layouts/application.html.erb within layouts/application (30.0ms)
Completed 200 OK in 65ms (Views: 63.8ms | ActiveRecord: 0.0ms)


Started GET "/assets/application.js?body=1" for 127.0.0.1 at 2015-03-20 19:02:02 +0200


Started GET "/assets/application.css?body=1" for 127.0.0.1 at 2015-03-20 19:02:02 +0200


Started GET "/assets/angular/angular.js?body=1" for 127.0.0.1 at 2015-03-20 19:02:02 +0200


Started GET "/posts.json" for 127.0.0.1 at 2015-03-20 19:02:06 +0200
Processing by PostsController#index as JSON
  [1m[36mPost Load (0.0ms)[0m  [1mSELECT "posts".* FROM "posts"[0m
Completed 200 OK in 9ms (Views: 3.0ms | ActiveRecord: 0.0ms)


Started GET "/" for 127.0.0.1 at 2015-03-20 19:02:16 +0200
Processing by ApplicationController#angular as HTML
  Rendered layouts/application.html.erb within layouts/application (40.0ms)
Completed 200 OK in 75ms (Views: 75.0ms | ActiveRecord: 0.0ms)


Started GET "/assets/angular/angular.js?body=1" for 127.0.0.1 at 2015-03-20 19:02:16 +0200


Started GET "/assets/application.js?body=1" for 127.0.0.1 at 2015-03-20 19:02:16 +0200


Started GET "/assets/application.css?body=1" for 127.0.0.1 at 2015-03-20 19:02:16 +0200


Started GET "/" for 127.0.0.1 at 2015-03-20 19:02:18 +0200
Processing by ApplicationController#angular as HTML
  Rendered layouts/application.html.erb within layouts/application (30.0ms)
Completed 200 OK in 65ms (Views: 64.0ms | ActiveRecord: 0.0ms)


Started GET "/assets/application.css?body=1" for 127.0.0.1 at 2015-03-20 19:02:18 +0200


Started GET "/assets/angular/angular.js?body=1" for 127.0.0.1 at 2015-03-20 19:02:18 +0200


Started GET "/assets/application.js?body=1" for 127.0.0.1 at 2015-03-20 19:02:18 +0200


Started GET "/" for 127.0.0.1 at 2015-03-20 19:03:51 +0200
Processing by ApplicationController#angular as HTML
  Rendered layouts/application.html.erb within layouts/application (32.0ms)
Completed 200 OK in 70ms (Views: 69.7ms | ActiveRecord: 0.0ms)


Started GET "/assets/application.css?body=1" for 127.0.0.1 at 2015-03-20 19:03:52 +0200


Started GET "/assets/application.js?body=1" for 127.0.0.1 at 2015-03-20 19:03:52 +0200


Started GET "/assets/angular/angular.js?body=1" for 127.0.0.1 at 2015-03-20 19:03:52 +0200


Started GET "/posts.json" for 127.0.0.1 at 2015-03-20 19:24:35 +0200
  [1m[36mActiveRecord::SchemaMigration Load (0.0ms)[0m  [1mSELECT "schema_migrations".* FROM "schema_migrations"[0m
Processing by PostsController#index as JSON
  [1m[35mPost Load (0.0ms)[0m  SELECT "posts".* FROM "posts"
Completed 200 OK in 62ms (Views: 15.6ms | ActiveRecord: 0.0ms)


Started GET "/" for 127.0.0.1 at 2015-03-20 19:42:57 +0200
Processing by ApplicationController#angular as HTML
  Rendered layouts/application.html.erb within layouts/application (81.0ms)
Completed 200 OK in 114ms (Views: 114.3ms | ActiveRecord: 0.0ms)


Started GET "/assets/application.css?body=1" for 127.0.0.1 at 2015-03-20 19:42:57 +0200


Started GET "/assets/angular/angular.js?body=1" for 127.0.0.1 at 2015-03-20 19:42:57 +0200


Started GET "/assets/application.js?body=1" for 127.0.0.1 at 2015-03-20 19:42:57 +0200


Started GET "/" for 127.0.0.1 at 2015-03-20 19:43:04 +0200
Processing by ApplicationController#angular as HTML
  Rendered layouts/application.html.erb within layouts/application (27.0ms)
Completed 200 OK in 57ms (Views: 57.0ms | ActiveRecord: 0.0ms)


Started GET "/assets/application.js?body=1" for 127.0.0.1 at 2015-03-20 19:43:04 +0200


Started GET "/assets/angular/angular.js?body=1" for 127.0.0.1 at 2015-03-20 19:43:04 +0200


Started GET "/assets/application.css?body=1" for 127.0.0.1 at 2015-03-20 19:43:04 +0200
